Vivado Simulator v2024.1.2
Copyright 1986-2022 Xilinx, Inc. All Rights Reserved.
Copyright 2022-2024 Advanced Micro Devices, Inc. All Rights Reserved.
Running: C:/Vivado/2024.1/bin/unwrapped/win64.o/xelab.exe --incr --debug typical --relax --mt 2 -L xil_defaultlib -L xlconstant_v1_1_9 -L unisims_ver -L unimacro_ver -L secureip -L xpm --snapshot ADC1_wrapper_behav xil_defaultlib.ADC1_wrapper xil_defaultlib.glbl -log elaborate.log 
Using 2 slave threads.
Starting static elaboration
Pass Through NonSizing Optimizer
Completed static elaboration
Starting simulation data flow analysis
Completed simulation data flow analysis
Time Resolution for simulation is 1ps
Compiling package std.standard
Compiling package std.textio
Compiling package ieee.std_logic_1164
Compiling package ieee.numeric_std
Compiling package unisim.vcomponents
Compiling package ieee.std_logic_arith
Compiling package ieee.std_logic_signed
Compiling package ieee.vital_timing
Compiling package ieee.vital_primitives
Compiling package unisim.vpkg
Compiling package vl.vl_types
Compiling module xil_defaultlib.glbl
Compiling architecture behavioral of entity xil_defaultlib.Shifter [shifter_default]
Compiling architecture adc1_shifter_0_0_arch of entity xil_defaultlib.ADC1_Shifter_0_0 [adc1_shifter_0_0_default]
Compiling architecture xadc_v of entity unisim.XADC [\XADC(init_40="0000000000010100"...]
Compiling architecture amd of entity xil_defaultlib.ADC1_xadc_wiz_0_0 [adc1_xadc_wiz_0_0_default]
Compiling module xlconstant_v1_1_9.xlconstant_v1_1_9_xlconstant(CON...
Compiling module xil_defaultlib.ADC1_xlconstant_0_0
Compiling architecture structure of entity xil_defaultlib.ADC1 [adc1_default]
Compiling architecture structure of entity xil_defaultlib.adc1_wrapper
Built simulation snapshot ADC1_wrapper_behav
